<?xml version="1.0" encoding="UTF-8"?>
<testng-results skipped="0" failed="0" ignored="0" total="1" passed="1">
  <reporter-output>
  </reporter-output>
  <suite name="largestWordFromSentence" duration-ms="7379" started-at="2020-09-10T08:14:41 CDT" finished-at="2020-09-10T08:14:48 CDT">
    <groups>
    </groups>
    <test name="Test" duration-ms="7379" started-at="2020-09-10T08:14:41 CDT" finished-at="2020-09-10T08:14:48 CDT">
      <class name="com.testProject.testCases.TC_Test_005">
        <test-method status="PASS" signature="setUp(java.lang.String)[pri:0, instance:com.testProject.testCases.TC_Test_005@69a3d1d]" name="setUp" is-config="true" duration-ms="5504" started-at="2020-09-10T08:14:41 CDT" finished-at="2020-09-10T08:14:46 CDT">
          <params>
            <param index="0">
              <value>
                <![CDATA[chrome]]>
              </value>
            </param>
          </params>
          <reporter-output>
          </reporter-output>
        </test-method> <!-- setUp -->
        <test-method status="PASS" signature="Test5()[pri:0, instance:com.testProject.testCases.TC_Test_005@69a3d1d]" name="Test5" duration-ms="1102" started-at="2020-09-10T08:14:46 CDT" finished-at="2020-09-10T08:14:47 CDT">
          <reporter-output>
          </reporter-output>
        </test-method> <!-- Test5 -->
        <test-method status="PASS" signature="tearDown()[pri:0, instance:com.testProject.testCases.TC_Test_005@69a3d1d]" name="tearDown" is-config="true" duration-ms="650" started-at="2020-09-10T08:14:47 CDT" finished-at="2020-09-10T08:14:48 CDT">
          <reporter-output>
          </reporter-output>
        </test-method> <!-- tearDown -->
      </class> <!-- com.testProject.testCases.TC_Test_005 -->
    </test> <!-- Test -->
  </suite> <!-- largestWordFromSentence -->
</testng-results>
